<?xml version="1.0" encoding="UTF-8"?>
<!-- Generated by org.testng.reporters.JUnitXMLReporter -->
<testsuite ignored="0" hostname="LAPTOP-7KRDH6ME" failures="0" tests="2" name="Surefire test" time="7.118" errors="0" timestamp="2023-12-04T14:51:30 IST">
  <testcase classname="com.project1.testcases.BankManagerLoginTest" name="lunchBrowser" time="5.881"/>
  <testcase classname="com.project1.testcases.BankManagerLoginTest" name="loginAsBankManager" time="1.142"/>
</testsuite> <!-- Surefire test -->
