<?xml version="1.0" encoding="UTF-8"?>
<!-- Generated by org.testng.reporters.JUnitXMLReporter -->
<testsuite ignored="0" hostname="LAPTOP-7KRDH6ME" failures="1" tests="1" name="LoginTest" time="2.068" errors="0" timestamp="2023-12-01T17:26:38 IST">
  <testcase classname="com.project1.testcases.LoginTest" name="loginAsBankManager" time="2.003">
    <failure type="java.lang.AssertionError" message="expected [true] but found [false]">
      <![CDATA[java.lang.AssertionError: expected [true] but found [false]
at com.project1.testcases.LoginTest.loginAsBankManager(LoginTest.java:17)
at java.base/java.util.ArrayList.forEach(ArrayList.java:1511)
... Removed 31 stack frames]]>
    </failure>
  </testcase> <!-- loginAsBankManager -->
</testsuite> <!-- LoginTest -->
