<?xml version="1.0" encoding="UTF-8"?>
<testng-results ignored="0" total="2" passed="2" failed="0" skipped="0">
  <reporter-output>
  </reporter-output>
  <suite started-at="2023-12-04T14:51:23 IST" name="Surefire suite" finished-at="2023-12-04T14:51:30 IST" duration-ms="7118">
    <groups>
    </groups>
    <test started-at="2023-12-04T14:51:23 IST" name="Surefire test" finished-at="2023-12-04T14:51:30 IST" duration-ms="7118">
      <class name="com.project1.testcases.BankManagerLoginTest">
        <test-method is-config="true" signature="setup()[pri:0, instance:com.project1.testcases.BankManagerLoginTest@d9345cd]" started-at="2023-12-04T14:51:23 IST" name="setup" finished-at="2023-12-04T14:51:23 IST" duration-ms="26" status="PASS">
          <reporter-output>
          </reporter-output>
        </test-method> <!-- setup -->
        <test-method signature="lunchBrowser()[pri:0, instance:com.project1.testcases.BankManagerLoginTest@d9345cd]" started-at="2023-12-04T14:51:23 IST" name="lunchBrowser" finished-at="2023-12-04T14:51:29 IST" duration-ms="5881" status="PASS">
          <reporter-output>
          </reporter-output>
        </test-method> <!-- lunchBrowser -->
        <test-method signature="loginAsBankManager()[pri:1, instance:com.project1.testcases.BankManagerLoginTest@d9345cd]" started-at="2023-12-04T14:51:29 IST" name="loginAsBankManager" finished-at="2023-12-04T14:51:30 IST" duration-ms="1142" status="PASS">
          <reporter-output>
          </reporter-output>
        </test-method> <!-- loginAsBankManager -->
      </class> <!-- com.project1.testcases.BankManagerLoginTest -->
    </test> <!-- Surefire test -->
  </suite> <!-- Surefire suite -->
</testng-results>
