<?xml version="1.0" encoding="UTF-8"?>
<!-- Generated by org.testng.reporters.JUnitXMLReporter -->
<testsuite ignored="0" hostname="LAPTOP-7KRDH6ME" failures="0" tests="4" name="AddCustTest" time="8.284" errors="0" timestamp="2023-12-04T12:22:21 IST">
  <testcase classname="com.project1.testcases.AddCustomer" name="lunchBrowser" time="2.32"/>
  <testcase classname="com.project1.testcases.AddCustomer" name="clickBankManagerLogin" time="1.205"/>
  <testcase classname="com.project1.testcases.AddCustomer" name="clickonAddCustomer" time="2.239"/>
  <testcase classname="com.project1.testcases.AddCustomer" name="addCustomerDetails" time="2.466"/>
</testsuite> <!-- AddCustTest -->
