<?xml version="1.0" encoding="UTF-8"?>
<!-- Generated by org.testng.reporters.JUnitXMLReporter -->
<testsuite ignored="0" hostname="LAPTOP-7KRDH6ME" failures="0" tests="2" name="BankManagerLoginTest" time="8.139" errors="0" timestamp="2023-12-04T12:22:13 IST">
  <testcase classname="com.project1.testcases.BankManagerLoginTest" name="lunchBrowser" time="6.874"/>
  <testcase classname="com.project1.testcases.BankManagerLoginTest" name="loginAsBankManager" time="1.192"/>
</testsuite> <!-- BankManagerLoginTest -->
